  stdafx.cpp
  Client.cpp
c:\users\xodnj\desktop\lecture5\custom\framework\reference\header\export_utility.inl(12): error C4235: 비표준 확장이 사용됨: 이 아키텍처에서는 '__asm' 키워드를 사용할 수 없습니다.
c:\users\xodnj\desktop\lecture5\custom\framework\reference\header\export_utility.inl(12): warning C4091: '': 변수를 선언하지 않으면 'int' 왼쪽은 무시됩니다.
c:\users\xodnj\desktop\lecture5\custom\framework\reference\header\export_utility.inl(12): error C2143: 구문 오류: ';'이(가) '상수' 앞에 없습니다.
c:\users\xodnj\desktop\lecture5\custom\framework\reference\header\export_utility.inl(12): error C2143: 구문 오류: ';'이(가) '}' 앞에 없습니다.
c:\users\xodnj\desktop\lecture5\custom\framework\client\include\client.cpp(59): error C4235: 비표준 확장이 사용됨: 이 아키텍처에서는 '__asm' 키워드를 사용할 수 없습니다.
c:\users\xodnj\desktop\lecture5\custom\framework\client\include\client.cpp(59): warning C4091: '': 변수를 선언하지 않으면 'int' 왼쪽은 무시됩니다.
c:\users\xodnj\desktop\lecture5\custom\framework\client\include\client.cpp(59): error C2143: 구문 오류: ';'이(가) '상수' 앞에 없습니다.
c:\users\xodnj\desktop\lecture5\custom\framework\client\include\client.cpp(59): error C2143: 구문 오류: ';'이(가) '}' 앞에 없습니다.
c:\users\xodnj\desktop\lecture5\custom\framework\client\include\client.cpp(60): error C4235: 비표준 확장이 사용됨: 이 아키텍처에서는 '__asm' 키워드를 사용할 수 없습니다.
c:\users\xodnj\desktop\lecture5\custom\framework\client\include\client.cpp(60): warning C4091: '': 변수를 선언하지 않으면 'int' 왼쪽은 무시됩니다.
c:\users\xodnj\desktop\lecture5\custom\framework\client\include\client.cpp(60): error C2143: 구문 오류: ';'이(가) '상수' 앞에 없습니다.
c:\users\xodnj\desktop\lecture5\custom\framework\client\include\client.cpp(60): error C2143: 구문 오류: ';'이(가) '}' 앞에 없습니다.
c:\users\xodnj\desktop\lecture5\custom\framework\client\include\client.cpp(62): error C4235: 비표준 확장이 사용됨: 이 아키텍처에서는 '__asm' 키워드를 사용할 수 없습니다.
c:\users\xodnj\desktop\lecture5\custom\framework\client\include\client.cpp(62): warning C4091: '': 변수를 선언하지 않으면 'int' 왼쪽은 무시됩니다.
c:\users\xodnj\desktop\lecture5\custom\framework\client\include\client.cpp(62): error C2143: 구문 오류: ';'이(가) '상수' 앞에 없습니다.
c:\users\xodnj\desktop\lecture5\custom\framework\client\include\client.cpp(62): error C2143: 구문 오류: ';'이(가) '}' 앞에 없습니다.
  Player.cpp
c:\users\xodnj\desktop\lecture5\custom\framework\reference\header\export_utility.inl(12): error C4235: 비표준 확장이 사용됨: 이 아키텍처에서는 '__asm' 키워드를 사용할 수 없습니다.
c:\users\xodnj\desktop\lecture5\custom\framework\reference\header\export_utility.inl(12): warning C4091: '': 변수를 선언하지 않으면 'int' 왼쪽은 무시됩니다.
c:\users\xodnj\desktop\lecture5\custom\framework\reference\header\export_utility.inl(12): error C2143: 구문 오류: ';'이(가) '상수' 앞에 없습니다.
c:\users\xodnj\desktop\lecture5\custom\framework\reference\header\export_utility.inl(12): error C2143: 구문 오류: ';'이(가) '}' 앞에 없습니다.
c:\users\xodnj\desktop\lecture5\custom\framework\client\code\player.cpp(22): error C4235: 비표준 확장이 사용됨: 이 아키텍처에서는 '__asm' 키워드를 사용할 수 없습니다.
c:\users\xodnj\desktop\lecture5\custom\framework\client\code\player.cpp(22): warning C4091: '': 변수를 선언하지 않으면 'int' 왼쪽은 무시됩니다.
c:\users\xodnj\desktop\lecture5\custom\framework\client\code\player.cpp(22): error C2143: 구문 오류: ';'이(가) '상수' 앞에 없습니다.
c:\users\xodnj\desktop\lecture5\custom\framework\client\code\player.cpp(22): error C2143: 구문 오류: ';'이(가) '}' 앞에 없습니다.
c:\users\xodnj\desktop\lecture5\custom\framework\client\code\player.cpp(62): error C4235: 비표준 확장이 사용됨: 이 아키텍처에서는 '__asm' 키워드를 사용할 수 없습니다.
c:\users\xodnj\desktop\lecture5\custom\framework\client\code\player.cpp(62): warning C4091: '': 변수를 선언하지 않으면 'int' 왼쪽은 무시됩니다.
c:\users\xodnj\desktop\lecture5\custom\framework\client\code\player.cpp(62): error C2143: 구문 오류: ';'이(가) '상수' 앞에 없습니다.
c:\users\xodnj\desktop\lecture5\custom\framework\client\code\player.cpp(62): error C2143: 구문 오류: ';'이(가) '}' 앞에 없습니다.
c:\users\xodnj\desktop\lecture5\custom\framework\client\code\player.cpp(66): error C4235: 비표준 확장이 사용됨: 이 아키텍처에서는 '__asm' 키워드를 사용할 수 없습니다.
c:\users\xodnj\desktop\lecture5\custom\framework\client\code\player.cpp(66): warning C4091: '': 변수를 선언하지 않으면 'int' 왼쪽은 무시됩니다.
c:\users\xodnj\desktop\lecture5\custom\framework\client\code\player.cpp(66): error C2143: 구문 오류: ';'이(가) '상수' 앞에 없습니다.
c:\users\xodnj\desktop\lecture5\custom\framework\client\code\player.cpp(66): error C2143: 구문 오류: ';'이(가) '}' 앞에 없습니다.
  Monster.cpp
c:\users\xodnj\desktop\lecture5\custom\framework\reference\header\export_utility.inl(12): error C4235: 비표준 확장이 사용됨: 이 아키텍처에서는 '__asm' 키워드를 사용할 수 없습니다.
c:\users\xodnj\desktop\lecture5\custom\framework\reference\header\export_utility.inl(12): warning C4091: '': 변수를 선언하지 않으면 'int' 왼쪽은 무시됩니다.
c:\users\xodnj\desktop\lecture5\custom\framework\reference\header\export_utility.inl(12): error C2143: 구문 오류: ';'이(가) '상수' 앞에 없습니다.
c:\users\xodnj\desktop\lecture5\custom\framework\reference\header\export_utility.inl(12): error C2143: 구문 오류: ';'이(가) '}' 앞에 없습니다.
c:\users\xodnj\desktop\lecture5\custom\framework\client\code\monster.cpp(22): error C4235: 비표준 확장이 사용됨: 이 아키텍처에서는 '__asm' 키워드를 사용할 수 없습니다.
c:\users\xodnj\desktop\lecture5\custom\framework\client\code\monster.cpp(22): warning C4091: '': 변수를 선언하지 않으면 'int' 왼쪽은 무시됩니다.
c:\users\xodnj\desktop\lecture5\custom\framework\client\code\monster.cpp(22): error C2143: 구문 오류: ';'이(가) '상수' 앞에 없습니다.
c:\users\xodnj\desktop\lecture5\custom\framework\client\code\monster.cpp(22): error C2143: 구문 오류: ';'이(가) '}' 앞에 없습니다.
c:\users\xodnj\desktop\lecture5\custom\framework\client\code\monster.cpp(32): error C4235: 비표준 확장이 사용됨: 이 아키텍처에서는 '__asm' 키워드를 사용할 수 없습니다.
c:\users\xodnj\desktop\lecture5\custom\framework\client\code\monster.cpp(32): warning C4091: '': 변수를 선언하지 않으면 'int' 왼쪽은 무시됩니다.
c:\users\xodnj\desktop\lecture5\custom\framework\client\code\monster.cpp(32): error C2143: 구문 오류: ';'이(가) '상수' 앞에 없습니다.
c:\users\xodnj\desktop\lecture5\custom\framework\client\code\monster.cpp(32): error C2143: 구문 오류: ';'이(가) '}' 앞에 없습니다.
c:\users\xodnj\desktop\lecture5\custom\framework\client\code\monster.cpp(62): error C4235: 비표준 확장이 사용됨: 이 아키텍처에서는 '__asm' 키워드를 사용할 수 없습니다.
c:\users\xodnj\desktop\lecture5\custom\framework\client\code\monster.cpp(62): warning C4091: '': 변수를 선언하지 않으면 'int' 왼쪽은 무시됩니다.
c:\users\xodnj\desktop\lecture5\custom\framework\client\code\monster.cpp(62): error C2143: 구문 오류: ';'이(가) '상수' 앞에 없습니다.
c:\users\xodnj\desktop\lecture5\custom\framework\client\code\monster.cpp(62): error C2143: 구문 오류: ';'이(가) '}' 앞에 없습니다.
c:\users\xodnj\desktop\lecture5\custom\framework\client\code\monster.cpp(66): error C4235: 비표준 확장이 사용됨: 이 아키텍처에서는 '__asm' 키워드를 사용할 수 없습니다.
c:\users\xodnj\desktop\lecture5\custom\framework\client\code\monster.cpp(66): warning C4091: '': 변수를 선언하지 않으면 'int' 왼쪽은 무시됩니다.
c:\users\xodnj\desktop\lecture5\custom\framework\client\code\monster.cpp(66): error C2143: 구문 오류: ';'이(가) '상수' 앞에 없습니다.
c:\users\xodnj\desktop\lecture5\custom\framework\client\code\monster.cpp(66): error C2143: 구문 오류: ';'이(가) '}' 앞에 없습니다.
  MainApp.cpp
c:\users\xodnj\desktop\lecture5\custom\framework\reference\header\export_utility.inl(12): error C4235: 비표준 확장이 사용됨: 이 아키텍처에서는 '__asm' 키워드를 사용할 수 없습니다.
c:\users\xodnj\desktop\lecture5\custom\framework\reference\header\export_utility.inl(12): warning C4091: '': 변수를 선언하지 않으면 'int' 왼쪽은 무시됩니다.
c:\users\xodnj\desktop\lecture5\custom\framework\reference\header\export_utility.inl(12): error C2143: 구문 오류: ';'이(가) '상수' 앞에 없습니다.
c:\users\xodnj\desktop\lecture5\custom\framework\reference\header\export_utility.inl(12): error C2143: 구문 오류: ';'이(가) '}' 앞에 없습니다.
c:\users\xodnj\desktop\lecture5\custom\framework\client\code\mainapp.cpp(19): error C4235: 비표준 확장이 사용됨: 이 아키텍처에서는 '__asm' 키워드를 사용할 수 없습니다.
c:\users\xodnj\desktop\lecture5\custom\framework\client\code\mainapp.cpp(19): warning C4091: '': 변수를 선언하지 않으면 'int' 왼쪽은 무시됩니다.
c:\users\xodnj\desktop\lecture5\custom\framework\client\code\mainapp.cpp(19): error C2143: 구문 오류: ';'이(가) '상수' 앞에 없습니다.
c:\users\xodnj\desktop\lecture5\custom\framework\client\code\mainapp.cpp(19): error C2143: 구문 오류: ';'이(가) '}' 앞에 없습니다.
c:\users\xodnj\desktop\lecture5\custom\framework\client\code\mainapp.cpp(21): error C4235: 비표준 확장이 사용됨: 이 아키텍처에서는 '__asm' 키워드를 사용할 수 없습니다.
c:\users\xodnj\desktop\lecture5\custom\framework\client\code\mainapp.cpp(21): warning C4091: '': 변수를 선언하지 않으면 'int' 왼쪽은 무시됩니다.
c:\users\xodnj\desktop\lecture5\custom\framework\client\code\mainapp.cpp(21): error C2143: 구문 오류: ';'이(가) '상수' 앞에 없습니다.
c:\users\xodnj\desktop\lecture5\custom\framework\client\code\mainapp.cpp(21): error C2143: 구문 오류: ';'이(가) '}' 앞에 없습니다.
c:\users\xodnj\desktop\lecture5\custom\framework\client\code\mainapp.cpp(41): error C4235: 비표준 확장이 사용됨: 이 아키텍처에서는 '__asm' 키워드를 사용할 수 없습니다.
c:\users\xodnj\desktop\lecture5\custom\framework\client\code\mainapp.cpp(41): warning C4091: '': 변수를 선언하지 않으면 'int' 왼쪽은 무시됩니다.
c:\users\xodnj\desktop\lecture5\custom\framework\client\code\mainapp.cpp(41): error C2143: 구문 오류: ';'이(가) '상수' 앞에 없습니다.
c:\users\xodnj\desktop\lecture5\custom\framework\client\code\mainapp.cpp(41): error C2143: 구문 오류: ';'이(가) '}' 앞에 없습니다.
c:\users\xodnj\desktop\lecture5\custom\framework\client\code\mainapp.cpp(49): error C4235: 비표준 확장이 사용됨: 이 아키텍처에서는 '__asm' 키워드를 사용할 수 없습니다.
c:\users\xodnj\desktop\lecture5\custom\framework\client\code\mainapp.cpp(49): warning C4091: '': 변수를 선언하지 않으면 'int' 왼쪽은 무시됩니다.
c:\users\xodnj\desktop\lecture5\custom\framework\client\code\mainapp.cpp(49): error C2143: 구문 오류: ';'이(가) '상수' 앞에 없습니다.
c:\users\xodnj\desktop\lecture5\custom\framework\client\code\mainapp.cpp(49): error C2143: 구문 오류: ';'이(가) '}' 앞에 없습니다.
c:\users\xodnj\desktop\lecture5\custom\framework\client\code\mainapp.cpp(67): error C4235: 비표준 확장이 사용됨: 이 아키텍처에서는 '__asm' 키워드를 사용할 수 없습니다.
c:\users\xodnj\desktop\lecture5\custom\framework\client\code\mainapp.cpp(67): warning C4091: '': 변수를 선언하지 않으면 'int' 왼쪽은 무시됩니다.
c:\users\xodnj\desktop\lecture5\custom\framework\client\code\mainapp.cpp(67): error C2143: 구문 오류: ';'이(가) '상수' 앞에 없습니다.
c:\users\xodnj\desktop\lecture5\custom\framework\client\code\mainapp.cpp(67): error C2143: 구문 오류: ';'이(가) '}' 앞에 없습니다.
c:\users\xodnj\desktop\lecture5\custom\framework\client\code\mainapp.cpp(81): error C4235: 비표준 확장이 사용됨: 이 아키텍처에서는 '__asm' 키워드를 사용할 수 없습니다.
c:\users\xodnj\desktop\lecture5\custom\framework\client\code\mainapp.cpp(81): warning C4091: '': 변수를 선언하지 않으면 'int' 왼쪽은 무시됩니다.
c:\users\xodnj\desktop\lecture5\custom\framework\client\code\mainapp.cpp(81): error C2143: 구문 오류: ';'이(가) '상수' 앞에 없습니다.
c:\users\xodnj\desktop\lecture5\custom\framework\client\code\mainapp.cpp(81): error C2143: 구문 오류: ';'이(가) '}' 앞에 없습니다.
c:\users\xodnj\desktop\lecture5\custom\framework\client\code\mainapp.cpp(83): error C4235: 비표준 확장이 사용됨: 이 아키텍처에서는 '__asm' 키워드를 사용할 수 없습니다.
c:\users\xodnj\desktop\lecture5\custom\framework\client\code\mainapp.cpp(83): warning C4091: '': 변수를 선언하지 않으면 'int' 왼쪽은 무시됩니다.
c:\users\xodnj\desktop\lecture5\custom\framework\client\code\mainapp.cpp(83): error C2143: 구문 오류: ';'이(가) '상수' 앞에 없습니다.
c:\users\xodnj\desktop\lecture5\custom\framework\client\code\mainapp.cpp(83): error C2143: 구문 오류: ';'이(가) '}' 앞에 없습니다.
c:\users\xodnj\desktop\lecture5\custom\framework\client\code\mainapp.cpp(86): error C4235: 비표준 확장이 사용됨: 이 아키텍처에서는 '__asm' 키워드를 사용할 수 없습니다.
c:\users\xodnj\desktop\lecture5\custom\framework\client\code\mainapp.cpp(86): warning C4091: '': 변수를 선언하지 않으면 'int' 왼쪽은 무시됩니다.
c:\users\xodnj\desktop\lecture5\custom\framework\client\code\mainapp.cpp(86): error C2143: 구문 오류: ';'이(가) '상수' 앞에 없습니다.
c:\users\xodnj\desktop\lecture5\custom\framework\client\code\mainapp.cpp(86): error C2143: 구문 오류: ';'이(가) '}' 앞에 없습니다.
  Logo.cpp
c:\users\xodnj\desktop\lecture5\custom\framework\reference\header\export_utility.inl(12): error C4235: 비표준 확장이 사용됨: 이 아키텍처에서는 '__asm' 키워드를 사용할 수 없습니다.
c:\users\xodnj\desktop\lecture5\custom\framework\reference\header\export_utility.inl(12): warning C4091: '': 변수를 선언하지 않으면 'int' 왼쪽은 무시됩니다.
c:\users\xodnj\desktop\lecture5\custom\framework\reference\header\export_utility.inl(12): error C2143: 구문 오류: ';'이(가) '상수' 앞에 없습니다.
c:\users\xodnj\desktop\lecture5\custom\framework\reference\header\export_utility.inl(12): error C2143: 구문 오류: ';'이(가) '}' 앞에 없습니다.
c:\users\xodnj\desktop\lecture5\custom\framework\client\code\logo.cpp(17): error C4235: 비표준 확장이 사용됨: 이 아키텍처에서는 '__asm' 키워드를 사용할 수 없습니다.
c:\users\xodnj\desktop\lecture5\custom\framework\client\code\logo.cpp(17): warning C4091: '': 변수를 선언하지 않으면 'int' 왼쪽은 무시됩니다.
c:\users\xodnj\desktop\lecture5\custom\framework\client\code\logo.cpp(17): error C2143: 구문 오류: ';'이(가) '상수' 앞에 없습니다.
c:\users\xodnj\desktop\lecture5\custom\framework\client\code\logo.cpp(17): error C2143: 구문 오류: ';'이(가) '}' 앞에 없습니다.
c:\users\xodnj\desktop\lecture5\custom\framework\client\code\logo.cpp(19): error C4235: 비표준 확장이 사용됨: 이 아키텍처에서는 '__asm' 키워드를 사용할 수 없습니다.
c:\users\xodnj\desktop\lecture5\custom\framework\client\code\logo.cpp(19): warning C4091: '': 변수를 선언하지 않으면 'int' 왼쪽은 무시됩니다.
c:\users\xodnj\desktop\lecture5\custom\framework\client\code\logo.cpp(19): error C2143: 구문 오류: ';'이(가) '상수' 앞에 없습니다.
c:\users\xodnj\desktop\lecture5\custom\framework\client\code\logo.cpp(19): error C2143: 구문 오류: ';'이(가) '}' 앞에 없습니다.
c:\users\xodnj\desktop\lecture5\custom\framework\client\code\logo.cpp(66): error C4235: 비표준 확장이 사용됨: 이 아키텍처에서는 '__asm' 키워드를 사용할 수 없습니다.
c:\users\xodnj\desktop\lecture5\custom\framework\client\code\logo.cpp(66): warning C4091: '': 변수를 선언하지 않으면 'int' 왼쪽은 무시됩니다.
c:\users\xodnj\desktop\lecture5\custom\framework\client\code\logo.cpp(66): error C2143: 구문 오류: ';'이(가) '상수' 앞에 없습니다.
c:\users\xodnj\desktop\lecture5\custom\framework\client\code\logo.cpp(66): error C2143: 구문 오류: ';'이(가) '}' 앞에 없습니다.
c:\users\xodnj\desktop\lecture5\custom\framework\client\code\logo.cpp(67): error C4235: 비표준 확장이 사용됨: 이 아키텍처에서는 '__asm' 키워드를 사용할 수 없습니다.
c:\users\xodnj\desktop\lecture5\custom\framework\client\code\logo.cpp(67): warning C4091: '': 변수를 선언하지 않으면 'int' 왼쪽은 무시됩니다.
c:\users\xodnj\desktop\lecture5\custom\framework\client\code\logo.cpp(67): error C2143: 구문 오류: ';'이(가) '상수' 앞에 없습니다.
c:\users\xodnj\desktop\lecture5\custom\framework\client\code\logo.cpp(67): error C2143: 구문 오류: ';'이(가) '}' 앞에 없습니다.
c:\users\xodnj\desktop\lecture5\custom\framework\client\code\logo.cpp(69): error C4235: 비표준 확장이 사용됨: 이 아키텍처에서는 '__asm' 키워드를 사용할 수 없습니다.
c:\users\xodnj\desktop\lecture5\custom\framework\client\code\logo.cpp(69): warning C4091: '': 변수를 선언하지 않으면 'int' 왼쪽은 무시됩니다.
c:\users\xodnj\desktop\lecture5\custom\framework\client\code\logo.cpp(69): error C2143: 구문 오류: ';'이(가) '상수' 앞에 없습니다.
c:\users\xodnj\desktop\lecture5\custom\framework\client\code\logo.cpp(69): error C2143: 구문 오류: ';'이(가) '}' 앞에 없습니다.
c:\users\xodnj\desktop\lecture5\custom\framework\client\code\logo.cpp(77): error C4235: 비표준 확장이 사용됨: 이 아키텍처에서는 '__asm' 키워드를 사용할 수 없습니다.
c:\users\xodnj\desktop\lecture5\custom\framework\client\code\logo.cpp(77): warning C4091: '': 변수를 선언하지 않으면 'int' 왼쪽은 무시됩니다.
c:\users\xodnj\desktop\lecture5\custom\framework\client\code\logo.cpp(77): error C2143: 구문 오류: ';'이(가) '상수' 앞에 없습니다.
c:\users\xodnj\desktop\lecture5\custom\framework\client\code\logo.cpp(77): error C2143: 구문 오류: ';'이(가) '}' 앞에 없습니다.
c:\users\xodnj\desktop\lecture5\custom\framework\client\code\logo.cpp(88): error C4235: 비표준 확장이 사용됨: 이 아키텍처에서는 '__asm' 키워드를 사용할 수 없습니다.
c:\users\xodnj\desktop\lecture5\custom\framework\client\code\logo.cpp(88): warning C4091: '': 변수를 선언하지 않으면 'int' 왼쪽은 무시됩니다.
c:\users\xodnj\desktop\lecture5\custom\framework\client\code\logo.cpp(88): error C2143: 구문 오류: ';'이(가) '상수' 앞에 없습니다.
c:\users\xodnj\desktop\lecture5\custom\framework\client\code\logo.cpp(88): error C2143: 구문 오류: ';'이(가) '}' 앞에 없습니다.
c:\users\xodnj\desktop\lecture5\custom\framework\client\code\logo.cpp(89): error C4235: 비표준 확장이 사용됨: 이 아키텍처에서는 '__asm' 키워드를 사용할 수 없습니다.
c:\users\xodnj\desktop\lecture5\custom\framework\client\code\logo.cpp(89): warning C4091: '': 변수를 선언하지 않으면 'int' 왼쪽은 무시됩니다.
c:\users\xodnj\desktop\lecture5\custom\framework\client\code\logo.cpp(89): error C2143: 구문 오류: ';'이(가) '상수' 앞에 없습니다.
c:\users\xodnj\desktop\lecture5\custom\framework\client\code\logo.cpp(89): error C2143: 구문 오류: ';'이(가) '}' 앞에 없습니다.
c:\users\xodnj\desktop\lecture5\custom\framework\client\code\logo.cpp(93): error C4235: 비표준 확장이 사용됨: 이 아키텍처에서는 '__asm' 키워드를 사용할 수 없습니다.
c:\users\xodnj\desktop\lecture5\custom\framework\client\code\logo.cpp(93): warning C4091: '': 변수를 선언하지 않으면 'int' 왼쪽은 무시됩니다.
c:\users\xodnj\desktop\lecture5\custom\framework\client\code\logo.cpp(93): error C2143: 구문 오류: ';'이(가) '상수' 앞에 없습니다.
c:\users\xodnj\desktop\lecture5\custom\framework\client\code\logo.cpp(93): error C2143: 구문 오류: ';'이(가) '}' 앞에 없습니다.
c:\users\xodnj\desktop\lecture5\custom\framework\client\code\logo.cpp(94): error C4235: 비표준 확장이 사용됨: 이 아키텍처에서는 '__asm' 키워드를 사용할 수 없습니다.
c:\users\xodnj\desktop\lecture5\custom\framework\client\code\logo.cpp(94): warning C4091: '': 변수를 선언하지 않으면 'int' 왼쪽은 무시됩니다.
c:\users\xodnj\desktop\lecture5\custom\framework\client\code\logo.cpp(94): error C2143: 구문 오류: ';'이(가) '상수' 앞에 없습니다.
c:\users\xodnj\desktop\lecture5\custom\framework\client\code\logo.cpp(94): error C2143: 구문 오류: ';'이(가) '}' 앞에 없습니다.
  BackGround.cpp
c:\users\xodnj\desktop\lecture5\custom\framework\reference\header\export_utility.inl(12): error C4235: 비표준 확장이 사용됨: 이 아키텍처에서는 '__asm' 키워드를 사용할 수 없습니다.
c:\users\xodnj\desktop\lecture5\custom\framework\reference\header\export_utility.inl(12): warning C4091: '': 변수를 선언하지 않으면 'int' 왼쪽은 무시됩니다.
c:\users\xodnj\desktop\lecture5\custom\framework\reference\header\export_utility.inl(12): error C2143: 구문 오류: ';'이(가) '상수' 앞에 없습니다.
c:\users\xodnj\desktop\lecture5\custom\framework\reference\header\export_utility.inl(12): error C2143: 구문 오류: ';'이(가) '}' 앞에 없습니다.
c:\users\xodnj\desktop\lecture5\custom\framework\client\code\background.cpp(24): error C4235: 비표준 확장이 사용됨: 이 아키텍처에서는 '__asm' 키워드를 사용할 수 없습니다.
c:\users\xodnj\desktop\lecture5\custom\framework\client\code\background.cpp(24): warning C4091: '': 변수를 선언하지 않으면 'int' 왼쪽은 무시됩니다.
c:\users\xodnj\desktop\lecture5\custom\framework\client\code\background.cpp(24): error C2143: 구문 오류: ';'이(가) '상수' 앞에 없습니다.
c:\users\xodnj\desktop\lecture5\custom\framework\client\code\background.cpp(24): error C2143: 구문 오류: ';'이(가) '}' 앞에 없습니다.
c:\users\xodnj\desktop\lecture5\custom\framework\client\code\background.cpp(54): error C4235: 비표준 확장이 사용됨: 이 아키텍처에서는 '__asm' 키워드를 사용할 수 없습니다.
c:\users\xodnj\desktop\lecture5\custom\framework\client\code\background.cpp(54): warning C4091: '': 변수를 선언하지 않으면 'int' 왼쪽은 무시됩니다.
c:\users\xodnj\desktop\lecture5\custom\framework\client\code\background.cpp(54): error C2143: 구문 오류: ';'이(가) '상수' 앞에 없습니다.
c:\users\xodnj\desktop\lecture5\custom\framework\client\code\background.cpp(54): error C2143: 구문 오류: ';'이(가) '}' 앞에 없습니다.
  코드를 생성하고 있습니다...
