  VIBuffer.cpp
c:\program files (x86)\microsoft directx sdk (june 2010)\include\d3d9.h(37): fatal error C1083: Cannot open include file: 'stdlib.h': No such file or directory
  TriCol.cpp
c:\program files (x86)\microsoft directx sdk (june 2010)\include\d3d9.h(37): fatal error C1083: Cannot open include file: 'stdlib.h': No such file or directory
  Transform.cpp
c:\program files (x86)\microsoft directx sdk (june 2010)\include\d3d9.h(37): fatal error C1083: Cannot open include file: 'stdlib.h': No such file or directory
  Texture.cpp
c:\program files (x86)\microsoft directx sdk (june 2010)\include\d3d9.h(37): fatal error C1083: Cannot open include file: 'stdlib.h': No such file or directory
  Scene.cpp
c:\program files (x86)\microsoft directx sdk (june 2010)\include\d3d9.h(37): fatal error C1083: Cannot open include file: 'stdlib.h': No such file or directory
  RcTex.cpp
c:\program files (x86)\microsoft directx sdk (june 2010)\include\d3d9.h(37): fatal error C1083: Cannot open include file: 'stdlib.h': No such file or directory
  RcCol.cpp
c:\program files (x86)\microsoft directx sdk (june 2010)\include\d3d9.h(37): fatal error C1083: Cannot open include file: 'stdlib.h': No such file or directory
  ProtoMgr.cpp
c:\program files (x86)\microsoft directx sdk (june 2010)\include\d3d9.h(37): fatal error C1083: Cannot open include file: 'stdlib.h': No such file or directory
  Management.cpp
c:\program files (x86)\microsoft directx sdk (june 2010)\include\d3d9.h(37): fatal error C1083: Cannot open include file: 'stdlib.h': No such file or directory
  Layer.cpp
c:\program files (x86)\microsoft directx sdk (june 2010)\include\d3d9.h(37): fatal error C1083: Cannot open include file: 'stdlib.h': No such file or directory
  GameObject.cpp
c:\program files (x86)\microsoft directx sdk (june 2010)\include\d3d9.h(37): fatal error C1083: Cannot open include file: 'stdlib.h': No such file or directory
  Component.cpp
c:\program files (x86)\microsoft directx sdk (june 2010)\include\d3d9.h(37): fatal error C1083: Cannot open include file: 'stdlib.h': No such file or directory
  Collider.cpp
c:\program files (x86)\microsoft directx sdk (june 2010)\include\d3d9.h(37): fatal error C1083: Cannot open include file: 'stdlib.h': No such file or directory
  BoxCollider.cpp
c:\program files (x86)\microsoft directx sdk (june 2010)\include\d3d9.h(37): fatal error C1083: Cannot open include file: 'stdlib.h': No such file or directory
  Generating Code...
