c:\users\xodnj\desktop\lecture5\custom\framework\engine\utility\include\debug\vc140.pdb
c:\users\xodnj\desktop\lecture5\custom\framework\engine\utility\include\debug\vc140.idb
c:\users\xodnj\desktop\lecture5\custom\framework\engine\utility\include\debug\boxcollider.obj
c:\users\xodnj\desktop\lecture5\custom\framework\engine\utility\include\debug\camera.obj
c:\users\xodnj\desktop\lecture5\custom\framework\engine\utility\include\debug\cameramgr.obj
c:\users\xodnj\desktop\lecture5\custom\framework\engine\utility\include\debug\collider.obj
c:\users\xodnj\desktop\lecture5\custom\framework\engine\utility\include\debug\component.obj
c:\users\xodnj\desktop\lecture5\custom\framework\engine\utility\include\debug\gameobject.obj
c:\users\xodnj\desktop\lecture5\custom\framework\engine\utility\include\debug\layer.obj
c:\users\xodnj\desktop\lecture5\custom\framework\engine\utility\include\debug\management.obj
c:\users\xodnj\desktop\lecture5\custom\framework\engine\utility\include\debug\protomgr.obj
c:\users\xodnj\desktop\lecture5\custom\framework\engine\utility\include\debug\rccol.obj
c:\users\xodnj\desktop\lecture5\custom\framework\engine\utility\include\debug\rcterrain.obj
c:\users\xodnj\desktop\lecture5\custom\framework\engine\utility\include\debug\rctex.obj
c:\users\xodnj\desktop\lecture5\custom\framework\engine\utility\include\debug\scene.obj
c:\users\xodnj\desktop\lecture5\custom\framework\engine\utility\include\debug\texture.obj
c:\users\xodnj\desktop\lecture5\custom\framework\engine\utility\include\debug\transform.obj
c:\users\xodnj\desktop\lecture5\custom\framework\engine\utility\include\debug\tricol.obj
c:\users\xodnj\desktop\lecture5\custom\framework\engine\utility\include\debug\vibuffer.obj
c:\users\xodnj\desktop\lecture5\custom\framework\engine\utility\bin\utility.ilk
c:\users\xodnj\desktop\lecture5\custom\framework\engine\utility\bin\utility.dll
c:\users\xodnj\desktop\lecture5\custom\framework\engine\utility\bin\utility.pdb
c:\users\xodnj\desktop\lecture5\custom\framework\engine\utility\bin\utility.lib
c:\users\xodnj\desktop\lecture5\custom\framework\engine\utility\bin\utility.exp
c:\users\xodnj\desktop\lecture5\custom\framework\engine\utility\include\debug\camera.obj.enc
c:\users\xodnj\desktop\lecture5\custom\framework\engine\utility\include\../bin\utility.dll
c:\users\xodnj\desktop\lecture5\custom\framework\engine\utility\include\debug\utility.tlog\cl.command.1.tlog
c:\users\xodnj\desktop\lecture5\custom\framework\engine\utility\include\debug\utility.tlog\cl.read.1.tlog
c:\users\xodnj\desktop\lecture5\custom\framework\engine\utility\include\debug\utility.tlog\cl.write.1.tlog
c:\users\xodnj\desktop\lecture5\custom\framework\engine\utility\include\debug\utility.tlog\link.command.1.tlog
c:\users\xodnj\desktop\lecture5\custom\framework\engine\utility\include\debug\utility.tlog\link.read.1.tlog
c:\users\xodnj\desktop\lecture5\custom\framework\engine\utility\include\debug\utility.tlog\link.write.1.tlog
c:\users\xodnj\desktop\lecture5\custom\framework\engine\utility\include\debug\utility.tlog\utility.write.1u.tlog
