  VIBuffer.cpp
c:\users\xodnj\desktop\lecture5\custom\framework\engine\header\engine_define.h(5): fatal error C1083: 포함 파일을 열 수 없습니다. 'd3dx9.h': No such file or directory
  TriCol.cpp
c:\users\xodnj\desktop\lecture5\custom\framework\engine\header\engine_define.h(5): fatal error C1083: 포함 파일을 열 수 없습니다. 'd3dx9.h': No such file or directory
  Transform.cpp
c:\users\xodnj\desktop\lecture5\custom\framework\engine\header\engine_define.h(5): fatal error C1083: 포함 파일을 열 수 없습니다. 'd3dx9.h': No such file or directory
  Scene.cpp
c:\users\xodnj\desktop\lecture5\custom\framework\engine\header\engine_define.h(5): fatal error C1083: 포함 파일을 열 수 없습니다. 'd3dx9.h': No such file or directory
  RcCol.cpp
c:\users\xodnj\desktop\lecture5\custom\framework\engine\header\engine_define.h(5): fatal error C1083: 포함 파일을 열 수 없습니다. 'd3dx9.h': No such file or directory
  ProtoMgr.cpp
c:\users\xodnj\desktop\lecture5\custom\framework\engine\header\engine_define.h(5): fatal error C1083: 포함 파일을 열 수 없습니다. 'd3dx9.h': No such file or directory
  Management.cpp
c:\users\xodnj\desktop\lecture5\custom\framework\engine\header\engine_define.h(5): fatal error C1083: 포함 파일을 열 수 없습니다. 'd3dx9.h': No such file or directory
  Layer.cpp
c:\users\xodnj\desktop\lecture5\custom\framework\engine\header\engine_define.h(5): fatal error C1083: 포함 파일을 열 수 없습니다. 'd3dx9.h': No such file or directory
  GameObject.cpp
c:\users\xodnj\desktop\lecture5\custom\framework\engine\header\engine_define.h(5): fatal error C1083: 포함 파일을 열 수 없습니다. 'd3dx9.h': No such file or directory
  Component.cpp
c:\users\xodnj\desktop\lecture5\custom\framework\engine\header\engine_define.h(5): fatal error C1083: 포함 파일을 열 수 없습니다. 'd3dx9.h': No such file or directory
  코드를 생성하고 있습니다...
