d:\유준환\137기\frame137\client\include\debug\client.pch
d:\유준환\137기\frame137\client\include\debug\vc140.pdb
d:\유준환\137기\frame137\client\include\debug\vc140.idb
d:\유준환\137기\frame137\client\include\debug\stdafx.obj
d:\유준환\137기\frame137\client\include\debug\mainapp.obj
d:\유준환\137기\frame137\client\include\debug\client.obj
d:\유준환\137기\frame137\client\bin\client.lib
d:\유준환\137기\frame137\client\bin\client.exp
d:\유준환\137기\frame137\client\bin\client.ilk
d:\유준환\137기\frame137\client\bin\client.exe
d:\유준환\137기\frame137\client\bin\client.pdb
d:\유준환\137기\frame137\client\include\debug\client.res
d:\유준환\137기\frame137\client\include\../bin\client.exe
d:\유준환\137기\frame137\client\include\debug\client.tlog\cl.command.1.tlog
d:\유준환\137기\frame137\client\include\debug\client.tlog\cl.read.1.tlog
d:\유준환\137기\frame137\client\include\debug\client.tlog\cl.write.1.tlog
d:\유준환\137기\frame137\client\include\debug\client.tlog\client.write.1u.tlog
d:\유준환\137기\frame137\client\include\debug\client.tlog\link.command.1.tlog
d:\유준환\137기\frame137\client\include\debug\client.tlog\link.read.1.tlog
d:\유준환\137기\frame137\client\include\debug\client.tlog\link.write.1.tlog
d:\유준환\137기\frame137\client\include\debug\client.tlog\rc.command.1.tlog
d:\유준환\137기\frame137\client\include\debug\client.tlog\rc.read.1.tlog
d:\유준환\137기\frame137\client\include\debug\client.tlog\rc.write.1.tlog
