d:\유준환\137기\frame137\engine\utility\include\debug\vc140.pdb
d:\유준환\137기\frame137\engine\utility\include\debug\vc140.idb
d:\유준환\137기\frame137\engine\utility\include\debug\component.obj
d:\유준환\137기\frame137\engine\utility\include\debug\gameobject.obj
d:\유준환\137기\frame137\engine\utility\include\debug\layer.obj
d:\유준환\137기\frame137\engine\utility\include\debug\management.obj
d:\유준환\137기\frame137\engine\utility\include\debug\protomgr.obj
d:\유준환\137기\frame137\engine\utility\include\debug\rccol.obj
d:\유준환\137기\frame137\engine\utility\include\debug\scene.obj
d:\유준환\137기\frame137\engine\utility\include\debug\tricol.obj
d:\유준환\137기\frame137\engine\utility\include\debug\vibuffer.obj
d:\유준환\137기\frame137\engine\utility\bin\utility.ilk
d:\유준환\137기\frame137\engine\utility\bin\utility.dll
d:\유준환\137기\frame137\engine\utility\bin\utility.pdb
d:\유준환\137기\frame137\engine\utility\bin\utility.lib
d:\유준환\137기\frame137\engine\utility\bin\utility.exp
d:\유준환\137기\frame137\engine\utility\include\../bin\utility.dll
d:\유준환\137기\frame137\engine\utility\include\debug\utility.tlog\cl.command.1.tlog
d:\유준환\137기\frame137\engine\utility\include\debug\utility.tlog\cl.read.1.tlog
d:\유준환\137기\frame137\engine\utility\include\debug\utility.tlog\cl.write.1.tlog
d:\유준환\137기\frame137\engine\utility\include\debug\utility.tlog\link.command.1.tlog
d:\유준환\137기\frame137\engine\utility\include\debug\utility.tlog\link.read.1.tlog
d:\유준환\137기\frame137\engine\utility\include\debug\utility.tlog\link.write.1.tlog
d:\유준환\137기\frame137\engine\utility\include\debug\utility.tlog\utility.write.1u.tlog
