c:\users\xodnj\desktop\lecture5\custom\framework\client\include\debug\client.pch
c:\users\xodnj\desktop\lecture5\custom\framework\client\include\debug\vc140.pdb
c:\users\xodnj\desktop\lecture5\custom\framework\client\include\debug\vc140.idb
c:\users\xodnj\desktop\lecture5\custom\framework\client\include\debug\stdafx.obj
c:\users\xodnj\desktop\lecture5\custom\framework\client\include\debug\background.obj
c:\users\xodnj\desktop\lecture5\custom\framework\client\include\debug\logo.obj
c:\users\xodnj\desktop\lecture5\custom\framework\client\include\debug\mainapp.obj
c:\users\xodnj\desktop\lecture5\custom\framework\client\include\debug\monster.obj
c:\users\xodnj\desktop\lecture5\custom\framework\client\include\debug\player.obj
c:\users\xodnj\desktop\lecture5\custom\framework\client\include\debug\client.obj
c:\users\xodnj\desktop\lecture5\custom\framework\client\bin\client.lib
c:\users\xodnj\desktop\lecture5\custom\framework\client\bin\client.exp
c:\users\xodnj\desktop\lecture5\custom\framework\client\bin\client.ilk
c:\users\xodnj\desktop\lecture5\custom\framework\client\bin\client.exe
c:\users\xodnj\desktop\lecture5\custom\framework\client\bin\client.pdb
c:\users\xodnj\desktop\lecture5\custom\framework\client\include\debug\client.res
c:\users\xodnj\desktop\lecture5\custom\framework\client\include\../bin\client.exe
c:\users\xodnj\desktop\lecture5\custom\framework\client\include\debug\client.tlog\cl.command.1.tlog
c:\users\xodnj\desktop\lecture5\custom\framework\client\include\debug\client.tlog\cl.read.1.tlog
c:\users\xodnj\desktop\lecture5\custom\framework\client\include\debug\client.tlog\cl.write.1.tlog
c:\users\xodnj\desktop\lecture5\custom\framework\client\include\debug\client.tlog\client.write.1u.tlog
c:\users\xodnj\desktop\lecture5\custom\framework\client\include\debug\client.tlog\link.command.1.tlog
c:\users\xodnj\desktop\lecture5\custom\framework\client\include\debug\client.tlog\link.read.1.tlog
c:\users\xodnj\desktop\lecture5\custom\framework\client\include\debug\client.tlog\link.write.1.tlog
c:\users\xodnj\desktop\lecture5\custom\framework\client\include\debug\client.tlog\rc.command.1.tlog
c:\users\xodnj\desktop\lecture5\custom\framework\client\include\debug\client.tlog\rc.read.1.tlog
c:\users\xodnj\desktop\lecture5\custom\framework\client\include\debug\client.tlog\rc.write.1.tlog
