c:\users\xodnj\desktop\lecture5\custom\framework\engine\system\include\debug\vc140.pdb
c:\users\xodnj\desktop\lecture5\custom\framework\engine\system\include\debug\vc140.idb
c:\users\xodnj\desktop\lecture5\custom\framework\engine\system\include\debug\frame.obj
c:\users\xodnj\desktop\lecture5\custom\framework\engine\system\include\debug\framemgr.obj
c:\users\xodnj\desktop\lecture5\custom\framework\engine\system\include\debug\graphicdev.obj
c:\users\xodnj\desktop\lecture5\custom\framework\engine\system\include\debug\inputdevice.obj
c:\users\xodnj\desktop\lecture5\custom\framework\engine\system\include\debug\timer.obj
c:\users\xodnj\desktop\lecture5\custom\framework\engine\system\include\debug\timermgr.obj
c:\users\xodnj\desktop\lecture5\custom\framework\engine\system\bin\system.ilk
c:\users\xodnj\desktop\lecture5\custom\framework\engine\system\bin\system.dll
c:\users\xodnj\desktop\lecture5\custom\framework\engine\system\bin\system.pdb
c:\users\xodnj\desktop\lecture5\custom\framework\engine\system\bin\system.lib
c:\users\xodnj\desktop\lecture5\custom\framework\engine\system\bin\system.exp
c:\users\xodnj\desktop\lecture5\custom\framework\engine\system\include\../bin\system.dll
c:\users\xodnj\desktop\lecture5\custom\framework\engine\system\include\debug\system.tlog\cl.command.1.tlog
c:\users\xodnj\desktop\lecture5\custom\framework\engine\system\include\debug\system.tlog\cl.read.1.tlog
c:\users\xodnj\desktop\lecture5\custom\framework\engine\system\include\debug\system.tlog\cl.write.1.tlog
c:\users\xodnj\desktop\lecture5\custom\framework\engine\system\include\debug\system.tlog\link.command.1.tlog
c:\users\xodnj\desktop\lecture5\custom\framework\engine\system\include\debug\system.tlog\link.read.1.tlog
c:\users\xodnj\desktop\lecture5\custom\framework\engine\system\include\debug\system.tlog\link.write.1.tlog
c:\users\xodnj\desktop\lecture5\custom\framework\engine\system\include\debug\system.tlog\system.write.1u.tlog
